This is pdfTeXk, Version 3.141592-1.40.3 (Web2C 7.5.6) (format=latex 2017.8.6)  27 MAY 2020 17:05
entering extended mode
 %&-line parsing enabled.
**fio_reference.tex
(./fio_reference.tex
LaTeX2e <2005/12/01>
Babel <v3.8h> and hyphenation patterns for english, usenglishmax, dumylang, noh
yphenation, arabic, basque, bulgarian, coptic, welsh, czech, slovak, german, ng
erman, danish, esperanto, spanish, catalan, galician, estonian, farsi, finnish,
 french, greek, monogreek, ancientgreek, croatian, hungarian, interlingua, ibyc
us, indonesian, icelandic, italian, latin, mongolian, dutch, norsk, polish, por
tuguese, pinyin, romanian, russian, slovenian, uppersorbian, serbian, swedish, 
turkish, ukenglish, ukrainian, loaded.
(/usr/share/texmf/tex/latex/base/article.cls
Document Class: article 2005/09/16 v1.4f Standard LaTeX document class
(/usr/share/texmf/tex/latex/base/size10.clo
File: size10.clo 2005/09/16 v1.4f Standard LaTeX file (size option)
)
\c@part=\count79
\c@section=\count80
\c@subsection=\count81
\c@subsubsection=\count82
\c@paragraph=\count83
\c@subparagraph=\count84
\c@figure=\count85
\c@table=\count86
\abovecaptionskip=\skip41
\belowcaptionskip=\skip42
\bibindent=\dimen102
)
(/usr/share/texmf/tex/latex/psnfss/times.sty
Package: times 2005/04/12 PSNFSS-v9.2a (SPQR) 
) (./fio_reference.aux)
\openout1 = `fio_reference.aux'.

LaTeX Font Info:    Checking defaults for OML/cmm/m/it on input line 29.
LaTeX Font Info:    ... okay on input line 29.
LaTeX Font Info:    Checking defaults for T1/cmr/m/n on input line 29.
LaTeX Font Info:    ... okay on input line 29.
LaTeX Font Info:    Checking defaults for OT1/cmr/m/n on input line 29.
LaTeX Font Info:    ... okay on input line 29.
LaTeX Font Info:    Checking defaults for OMS/cmsy/m/n on input line 29.
LaTeX Font Info:    ... okay on input line 29.
LaTeX Font Info:    Checking defaults for OMX/cmex/m/n on input line 29.
LaTeX Font Info:    ... okay on input line 29.
LaTeX Font Info:    Checking defaults for U/cmr/m/n on input line 29.
LaTeX Font Info:    ... okay on input line 29.
LaTeX Font Info:    Try loading font information for OT1+ptm on input line 29.

(/usr/share/texmf/tex/latex/psnfss/ot1ptm.fd
File: ot1ptm.fd 2001/06/04 font definitions for OT1/ptm.
)
LaTeX Font Info:    External font `cmex10' loaded for size
(Font)              <12> on input line 31.
LaTeX Font Info:    External font `cmex10' loaded for size
(Font)              <8> on input line 31.
LaTeX Font Info:    External font `cmex10' loaded for size
(Font)              <6> on input line 31.
LaTeX Font Info:    Font shape `OT1/ptm/bx/n' in size <14.4> not available
(Font)              Font shape `OT1/ptm/b/n' tried instead on input line 33.
 (./fio_reference.toc
LaTeX Font Info:    Font shape `OT1/ptm/bx/n' in size <10> not available
(Font)              Font shape `OT1/ptm/b/n' tried instead on input line 1.
LaTeX Font Info:    External font `cmex10' loaded for size
(Font)              <7> on input line 3.
LaTeX Font Info:    External font `cmex10' loaded for size
(Font)              <5> on input line 3.
)
\tf@toc=\write3
\openout3 = `fio_reference.toc'.

 [1

]
LaTeX Font Info:    Font shape `OT1/ptm/bx/n' in size <12> not available
(Font)              Font shape `OT1/ptm/b/n' tried instead on input line 76.

Underfull \hbox (badness 10000) in paragraph at lines 76--76

 []

LaTeX Font Info:    Try loading font information for OT1+pcr on input line 76.
(/usr/share/texmf/tex/latex/psnfss/ot1pcr.fd
File: ot1pcr.fd 2001/06/04 font definitions for OT1/pcr.
)
Underfull \hbox (badness 10000) in paragraph at lines 97--97

 []


Underfull \hbox (badness 10000) in paragraph at lines 126--126

 []

[2]
Underfull \hbox (badness 10000) in paragraph at lines 176--176

 []

[3]
Underfull \hbox (badness 10000) in paragraph at lines 196--196

 []


Underfull \hbox (badness 10000) in paragraph at lines 219--219

 []

[4]
Underfull \hbox (badness 10000) in paragraph at lines 249--249

 []


Underfull \hbox (badness 10000) in paragraph at lines 274--274

 []

[5]
Underfull \hbox (badness 10000) in paragraph at lines 294--294

 []


Underfull \hbox (badness 10000) in paragraph at lines 325--325

 []

[6]
Overfull \hbox (7.48593pt too wide) in paragraph at lines 332--338
[]\OT1/ptm/m/n/10 int fio[]set[]int[]option(const int, const int); int fio[]set
[]str[]option(const int, const char*);
 []


Overfull \hbox (61.62526pt too wide) in paragraph at lines 332--338
\OT1/ptm/m/n/10 int, int*); int fio[]get[]real[]parameter(const int, const int,
 dou-ble*); int fio[]get[]real[]field[]parameter(const
 []


Overfull \hbox (3.93753pt too wide) in paragraph at lines 352--354
[]\OT1/ptm/m/n/10 : Data ex-pected to be found in the source data was not prese
nt. 
 []

[7] (./fio_reference.aux) ) 
Here is how much of TeX's memory you used:
 317 strings out of 256215
 3737 string characters out of 1917018
 51804 words of memory out of 1500000
 3664 multiletter control sequences out of 10000+200000
 10725 words of font info for 32 fonts, out of 1200000 for 2000
 645 hyphenation exceptions out of 8191
 23i,6n,21p,220b,187s stack positions out of 5000i,500n,6000p,200000b,15000s

Output written on fio_reference.dvi (7 pages, 18960 bytes).
